<?xml version="1.0" encoding="UTF-8"?>
<!-- Generated by org.testng.reporters.JUnitXMLReporter -->
<testsuite ignored="0" hostname="Aruns-MacBook-Air.local" failures="1" tests="2" name="addToCart" time="20.925" errors="0" timestamp="2025-02-09T22:28:21 IST">
  <testcase classname="rahulshetty.tests.AddToCartTest" name="hi" time="4.791">
    <skipped/>
  </testcase> <!-- hi -->
  <testcase classname="rahulshetty.tests.AddToCartTest" name="hi" time="9.511">
    <failure type="java.lang.AssertionError" message="Item  is missing from cart expected [true] but found [false]">
      <![CDATA[java.lang.AssertionError: Item  is missing from cart expected [true] but found [false]
at rahulshetty.tests.AddToCartTest.hi(AddToCartTest.java:65)
at java.base/java.util.ArrayList.forEach(ArrayList.java:1597)
... Removed 32 stack frames]]>
    </failure>
  </testcase> <!-- hi -->
</testsuite> <!-- addToCart -->
