<?xml version="1.0" encoding="UTF-8"?>
<!-- Generated by org.testng.reporters.JUnitXMLReporter -->
<testsuite ignored="0" hostname="Aruns-MacBook-Air.local" failures="2" tests="4" name="Test6" time="19.014" errors="0" timestamp="2025-02-14T23:12:34 IST">
  <testcase classname="rahulshetty.tests.StandAloneTest" name="submitOrder" time="0.804">
    <skipped/>
  </testcase> <!-- submitOrder -->
  <testcase classname="rahulshetty.tests.StandAloneTest" name="submitOrder" time="0.761">
    <failure type="java.lang.NullPointerException" message="Cannot invoke &amp;quot;org.openqa.selenium.WebElement.findElement(org.openqa.selenium.By)&amp;quot; because &amp;quot;prod1&amp;quot; is null">
      <![CDATA[java.lang.NullPointerException: Cannot invoke "org.openqa.selenium.WebElement.findElement(org.openqa.selenium.By)" because "prod1" is null
at rahulshetty.pageobject.ProductCataloguePage.addProductToCart(ProductCataloguePage.java:62)
at rahulshetty.tests.StandAloneTest.submitOrder(StandAloneTest.java:37)
at java.base/java.util.ArrayList.forEach(ArrayList.java:1597)
... Removed 29 stack frames]]>
    </failure>
  </testcase> <!-- submitOrder -->
  <testcase classname="rahulshetty.tests.StandAloneTest" name="submitOrder" time="0.774">
    <skipped/>
  </testcase> <!-- submitOrder -->
  <testcase classname="rahulshetty.tests.StandAloneTest" name="submitOrder" time="0.803">
    <failure type="java.lang.NullPointerException" message="Cannot invoke &amp;quot;org.openqa.selenium.WebElement.findElement(org.openqa.selenium.By)&amp;quot; because &amp;quot;prod1&amp;quot; is null">
      <![CDATA[java.lang.NullPointerException: Cannot invoke "org.openqa.selenium.WebElement.findElement(org.openqa.selenium.By)" because "prod1" is null
at rahulshetty.pageobject.ProductCataloguePage.addProductToCart(ProductCataloguePage.java:62)
at rahulshetty.tests.StandAloneTest.submitOrder(StandAloneTest.java:37)
at java.base/java.util.ArrayList.forEach(ArrayList.java:1597)
... Removed 29 stack frames]]>
    </failure>
  </testcase> <!-- submitOrder -->
</testsuite> <!-- Test6 -->
