<!DOCTYPE html PUBLIC "-//W3C//DTD XHTML 1.1//EN" "https://www.w3.org/TR/xhtml11/DTD/xhtml11.dtd">
<html xmlns="https://www.w3.org/1999/xhtml">
<head>
<meta http-equiv="content-type" content="text/html; charset=UTF-8"/>
<title>TestNG Report</title>
<style type="text/css">table {margin-bottom:10px;border-collapse:collapse;empty-cells:show}th,td {border:1px solid #009;padding:.25em .5em}th {vertical-align:bottom}td {vertical-align:top}table a {font-weight:bold}.stripe td {background-color: #E6EBF9}.num {text-align:right}.passedodd td {background-color: #3F3}.passedeven td {background-color: #0A0}.skippedodd td {background-color: #DDD}.skippedeven td {background-color: #CCC}.failedodd td,.attn {background-color: #F33}.failedeven td,.stripe .attn {background-color: #D00}.stacktrace {white-space:pre;font-family:monospace}.totop {font-size:85%;text-align:center;border-bottom:2px solid #000}.invisible {display:none}</style>
</head>
<body>
<table>
<tr><th>Test</th><th># Passed</th><th># Skipped</th><th># Retried</th><th># Failed</th><th>Time (ms)</th><th>Included Groups</th><th>Excluded Groups</th></tr>
<tr><th colspan="8">Suite1</th></tr>
<tr><td><a href="#t0">Test11</a></td><td class="num">2</td><td class="num">0</td><td class="num">0</td><td class="num">0</td><td class="num">13,958</td><td></td><td></td></tr>
<tr class="stripe"><td><a href="#t1">Test6</a></td><td class="num">0</td><td class="num">0</td><td class="num attn">2</td><td class="num attn">2</td><td class="num">19,014</td><td></td><td></td></tr>
<tr><th>Total</th><th class="num">2</th><th class="num">0</th><th class="num attn">2</th><th class="num attn">2</th><th class="num">32,972</th><th colspan="2"></th></tr>
</table>
<table id='summary'><thead><tr><th>Class</th><th>Method</th><th>Start</th><th>Time (ms)</th></tr></thead><tbody><tr><th colspan="4">Suite1</th></tr></tbody><tbody id="t0"><tr><th colspan="4">Test11 &#8212; passed</th></tr><tr class="passedeven"><td rowspan="2">rahulshetty.tests.ErrorMessegeValidationTest</td><td><a href="#m0">validateLoginPageErrorMessage</a></td><td rowspan="2">1739554934150</td><td rowspan="2">760</td></tr><tr class="passedeven"><td><a href="#m1">validateLoginPageErrorMessage</a></td></tr></tbody>
<tbody id="t1"><tr><th colspan="4">Test6 &#8212; failed</th></tr><tr class="failedeven"><td rowspan="2">rahulshetty.tests.StandAloneTest</td><td><a href="#m2">submitOrder</a></td><td rowspan="2">1739554946964</td><td rowspan="2">761</td></tr><tr class="failedeven"><td><a href="#m3">submitOrder</a></td></tr><tr><th colspan="4">Test6 &#8212; retried</th></tr><tr class="retriedeven"><td rowspan="2">rahulshetty.tests.StandAloneTest</td><td><a href="#m4">submitOrder</a></td><td rowspan="2">1739554950330</td><td rowspan="2">774</td></tr><tr class="retriedeven"><td><a href="#m5">submitOrder</a></td></tr></tbody>
</table>
<h2>Test11</h2><h3 id="m0">rahulshetty.tests.ErrorMessegeValidationTest#validateLoginPageErrorMessage</h3><table class="result"><tr class="param"><th>Parameter #1</th></tr><tr class="param stripe"><td>{pass=87969, email=arunnatikar22@gmail.com}</td></tr></table><p class="totop"><a href="#summary">back to summary</a></p>
<h3 id="m1">rahulshetty.tests.ErrorMessegeValidationTest#validateLoginPageErrorMessage</h3><table class="result"><tr class="param"><th>Parameter #1</th></tr><tr class="param stripe"><td>{pass=123456, email=arunnatikar@gmail.com}</td></tr></table><p class="totop"><a href="#summary">back to summary</a></p>
<h2>Test6</h2><h3 id="m2">rahulshetty.tests.StandAloneTest#submitOrder</h3><table class="result"><tr class="param"><th>Parameter #1</th><th>Parameter #2</th><th>Parameter #3</th></tr><tr class="param stripe"><td>arunnatikar99@gmail.com</td><td>Rahul@1234</td><td>IPHONE</td></tr><tr><th colspan="3">Exception</th></tr><tr><td colspan="3"><div class="stacktrace">java.lang.NullPointerException: Cannot invoke &quot;org.openqa.selenium.WebElement.findElement(org.openqa.selenium.By)&quot; because &quot;prod1&quot; is null
	at rahulshetty.pageobject.ProductCataloguePage.addProductToCart(ProductCataloguePage.java:62)
	at rahulshetty.tests.StandAloneTest.submitOrder(StandAloneTest.java:37)
	at java.base/java.util.ArrayList.forEach(ArrayList.java:1597)
... Removed 29 stack frames</div></td></tr></table><p class="totop"><a href="#summary">back to summary</a></p>
<h3 id="m3">rahulshetty.tests.StandAloneTest#submitOrder</h3><table class="result"><tr class="param"><th>Parameter #1</th><th>Parameter #2</th><th>Parameter #3</th></tr><tr class="param stripe"><td>arunnatikar99@gmail.com</td><td>Rahul@1234</td><td>ADIDAS</td></tr><tr><th colspan="3">Exception</th></tr><tr><td colspan="3"><div class="stacktrace">java.lang.NullPointerException: Cannot invoke &quot;org.openqa.selenium.WebElement.findElement(org.openqa.selenium.By)&quot; because &quot;prod1&quot; is null
	at rahulshetty.pageobject.ProductCataloguePage.addProductToCart(ProductCataloguePage.java:62)
	at rahulshetty.tests.StandAloneTest.submitOrder(StandAloneTest.java:37)
	at java.base/java.util.ArrayList.forEach(ArrayList.java:1597)
... Removed 29 stack frames</div></td></tr></table><p class="totop"><a href="#summary">back to summary</a></p>
<h3 id="m4">rahulshetty.tests.StandAloneTest#submitOrder</h3><table class="result"><tr class="param"><th>Parameter #1</th><th>Parameter #2</th><th>Parameter #3</th></tr><tr class="param stripe"><td>arunnatikar99@gmail.com</td><td>Rahul@1234</td><td>ADIDAS</td></tr><tr><th colspan="3">Exception</th></tr><tr><td colspan="3"><div class="stacktrace">java.lang.NullPointerException: Cannot invoke &quot;org.openqa.selenium.WebElement.findElement(org.openqa.selenium.By)&quot; because &quot;prod1&quot; is null
	at rahulshetty.pageobject.ProductCataloguePage.addProductToCart(ProductCataloguePage.java:62)
	at rahulshetty.tests.StandAloneTest.submitOrder(StandAloneTest.java:37)
	at java.base/java.util.ArrayList.forEach(ArrayList.java:1597)
... Removed 29 stack frames</div></td></tr></table><p class="totop"><a href="#summary">back to summary</a></p>
<h3 id="m5">rahulshetty.tests.StandAloneTest#submitOrder</h3><table class="result"><tr class="param"><th>Parameter #1</th><th>Parameter #2</th><th>Parameter #3</th></tr><tr class="param stripe"><td>arunnatikar99@gmail.com</td><td>Rahul@1234</td><td>IPHONE</td></tr><tr><th colspan="3">Exception</th></tr><tr><td colspan="3"><div class="stacktrace">java.lang.NullPointerException: Cannot invoke &quot;org.openqa.selenium.WebElement.findElement(org.openqa.selenium.By)&quot; because &quot;prod1&quot; is null
	at rahulshetty.pageobject.ProductCataloguePage.addProductToCart(ProductCataloguePage.java:62)
	at rahulshetty.tests.StandAloneTest.submitOrder(StandAloneTest.java:37)
	at java.base/java.util.ArrayList.forEach(ArrayList.java:1597)
... Removed 29 stack frames</div></td></tr></table><p class="totop"><a href="#summary">back to summary</a></p>
</body>
</html>
